<?xml version="1.0" encoding="UTF-8"?>
<testsuite name="com.assetguard.domain.usecase.RegisterUserUseCaseTest" tests="2" skipped="0" failures="0" errors="0" timestamp="2026-04-25T17:23:44.272Z" hostname="DESKTOP-TMATNDQ" time="0.043">
  <properties/>
  <testcase name="register new user returns saved profile" classname="com.assetguard.domain.usecase.RegisterUserUseCaseTest" time="0.031"/>
  <testcase name="register existing user returns existing profile without upsert" classname="com.assetguard.domain.usecase.RegisterUserUseCaseTest" time="0.012"/>
  <system-out><![CDATA[]]></system-out>
  <system-err><![CDATA[]]></system-err>
</testsuite>
