<?xml version="1.0" encoding="UTF-8"?>
<testsuite name="presentation.routes.UserRoutesTest" tests="8" skipped="0" failures="0" errors="0" timestamp="2026-04-26T08:45:29.045Z" hostname="DESKTOP-TMATNDQ" time="0.147">
  <properties/>
  <testcase name="PATCH type returns 400 when user not found" classname="presentation.routes.UserRoutesTest" time="0.069"/>
  <testcase name="PATCH type returns 200 with updated userType" classname="presentation.routes.UserRoutesTest" time="0.017"/>
  <testcase name="GET profile returns 200 when user exists" classname="presentation.routes.UserRoutesTest" time="0.01"/>
  <testcase name="POST register is idempotent for existing user" classname="presentation.routes.UserRoutesTest" time="0.016"/>
  <testcase name="PATCH type returns 400 for invalid userType" classname="presentation.routes.UserRoutesTest" time="0.006"/>
  <testcase name="PATCH type returns 200 for STUDENT" classname="presentation.routes.UserRoutesTest" time="0.01"/>
  <testcase name="POST register returns 201 with profile" classname="presentation.routes.UserRoutesTest" time="0.009"/>
  <testcase name="GET profile returns 404 when user not found" classname="presentation.routes.UserRoutesTest" time="0.009"/>
  <system-out><![CDATA[2026-04-26 11:45:29.103 [DefaultDispatcher-worker-5 @call-context#437] INFO  io.ktor.test - No ktor.deployment.watch patterns specified, automatic reload is not active.
2026-04-26 11:45:29.106 [DefaultDispatcher-worker-5 @call-context#437] INFO  io.ktor.test - Application started in 0.003 seconds.
2026-04-26 11:45:29.107 [DefaultDispatcher-worker-1 @coroutine#439] INFO  io.ktor.test - Responding at http://localhost:80
2026-04-26 11:45:29.107 [DefaultDispatcher-worker-1 @coroutine#439] INFO  io.ktor.test - Responding at https://localhost:443
2026-04-26 11:45:29.121 [DefaultDispatcher-worker-11 @call-context#451] INFO  io.ktor.test - No ktor.deployment.watch patterns specified, automatic reload is not active.
2026-04-26 11:45:29.122 [DefaultDispatcher-worker-11 @call-context#451] INFO  io.ktor.test - Application started in 0.001 seconds.
2026-04-26 11:45:29.122 [DefaultDispatcher-worker-12 @coroutine#453] INFO  io.ktor.test - Responding at http://localhost:80
2026-04-26 11:45:29.122 [DefaultDispatcher-worker-12 @coroutine#453] INFO  io.ktor.test - Responding at https://localhost:443
2026-04-26 11:45:29.137 [DefaultDispatcher-worker-19 @call-context#465] INFO  io.ktor.test - No ktor.deployment.watch patterns specified, automatic reload is not active.
2026-04-26 11:45:29.138 [DefaultDispatcher-worker-19 @call-context#465] INFO  io.ktor.test - Application started in 0.001 seconds.
2026-04-26 11:45:29.138 [DefaultDispatcher-worker-9 @coroutine#467] INFO  io.ktor.test - Responding at http://localhost:80
2026-04-26 11:45:29.139 [DefaultDispatcher-worker-9 @coroutine#467] INFO  io.ktor.test - Responding at https://localhost:443
2026-04-26 11:45:29.148 [DefaultDispatcher-worker-8 @call-context#479] INFO  io.ktor.test - No ktor.deployment.watch patterns specified, automatic reload is not active.
2026-04-26 11:45:29.148 [DefaultDispatcher-worker-8 @call-context#479] INFO  io.ktor.test - Application started in 0.0 seconds.
2026-04-26 11:45:29.149 [DefaultDispatcher-worker-16 @coroutine#481] INFO  io.ktor.test - Responding at http://localhost:80
2026-04-26 11:45:29.149 [DefaultDispatcher-worker-16 @coroutine#481] INFO  io.ktor.test - Responding at https://localhost:443
2026-04-26 11:45:29.160 [DefaultDispatcher-worker-11 @call-context#495] INFO  io.ktor.test - No ktor.deployment.watch patterns specified, automatic reload is not active.
2026-04-26 11:45:29.161 [DefaultDispatcher-worker-11 @call-context#495] INFO  io.ktor.test - Application started in 0.001 seconds.
2026-04-26 11:45:29.161 [DefaultDispatcher-worker-14 @coroutine#497] INFO  io.ktor.test - Responding at http://localhost:80
2026-04-26 11:45:29.161 [DefaultDispatcher-worker-14 @coroutine#497] INFO  io.ktor.test - Responding at https://localhost:443
2026-04-26 11:45:29.168 [DefaultDispatcher-worker-15 @call-context#509] INFO  io.ktor.test - No ktor.deployment.watch patterns specified, automatic reload is not active.
2026-04-26 11:45:29.170 [DefaultDispatcher-worker-15 @call-context#509] INFO  io.ktor.test - Application started in 0.002 seconds.
2026-04-26 11:45:29.171 [DefaultDispatcher-worker-3 @coroutine#511] INFO  io.ktor.test - Responding at http://localhost:80
2026-04-26 11:45:29.171 [DefaultDispatcher-worker-3 @coroutine#511] INFO  io.ktor.test - Responding at https://localhost:443
2026-04-26 11:45:29.179 [DefaultDispatcher-worker-11 @call-context#523] INFO  io.ktor.test - No ktor.deployment.watch patterns specified, automatic reload is not active.
2026-04-26 11:45:29.180 [DefaultDispatcher-worker-11 @call-context#523] INFO  io.ktor.test - Application started in 0.001 seconds.
2026-04-26 11:45:29.181 [DefaultDispatcher-worker-17 @coroutine#525] INFO  io.ktor.test - Responding at http://localhost:80
2026-04-26 11:45:29.181 [DefaultDispatcher-worker-17 @coroutine#525] INFO  io.ktor.test - Responding at https://localhost:443
2026-04-26 11:45:29.188 [DefaultDispatcher-worker-16 @call-context#537] INFO  io.ktor.test - No ktor.deployment.watch patterns specified, automatic reload is not active.
2026-04-26 11:45:29.188 [DefaultDispatcher-worker-16 @call-context#537] INFO  io.ktor.test - Application started in 0.001 seconds.
2026-04-26 11:45:29.189 [DefaultDispatcher-worker-10 @coroutine#539] INFO  io.ktor.test - Responding at http://localhost:80
2026-04-26 11:45:29.189 [DefaultDispatcher-worker-10 @coroutine#539] INFO  io.ktor.test - Responding at https://localhost:443
]]></system-out>
  <system-err><![CDATA[]]></system-err>
</testsuite>
