<?xml version="1.0" encoding="UTF-8"?>
<testsuite name="com.assetguard.domain.usecase.telemetry.LogEventUseCaseTest" tests="3" skipped="0" failures="0" errors="0" timestamp="2026-04-25T18:40:12.538Z" hostname="DESKTOP-TMATNDQ" time="0.093">
  <properties/>
  <testcase name="log TAP event saves and returns event" classname="com.assetguard.domain.usecase.telemetry.LogEventUseCaseTest" time="0.069"/>
  <testcase name="log ABANDON event saves correctly" classname="com.assetguard.domain.usecase.telemetry.LogEventUseCaseTest" time="0.007"/>
  <testcase name="log event assigns new id and createdAt" classname="com.assetguard.domain.usecase.telemetry.LogEventUseCaseTest" time="0.017"/>
  <system-out><![CDATA[]]></system-out>
  <system-err><![CDATA[]]></system-err>
</testsuite>
