<?xml version="1.0" encoding="UTF-8"?>
<testsuite name="com.assetguard.domain.usecase.retention.GetNudgesUseCaseTest" tests="4" skipped="0" failures="0" errors="0" timestamp="2026-04-26T08:45:26.949Z" hostname="DESKTOP-TMATNDQ" time="1.191">
  <properties/>
  <testcase name="get nudges returns empty list when no context found" classname="com.assetguard.domain.usecase.retention.GetNudgesUseCaseTest" time="1.155"/>
  <testcase name="get nudges calls engine with correct context" classname="com.assetguard.domain.usecase.retention.GetNudgesUseCaseTest" time="0.012"/>
  <testcase name="get nudges returns nudges from engine" classname="com.assetguard.domain.usecase.retention.GetNudgesUseCaseTest" time="0.017"/>
  <testcase name="get nudges returns nudges sorted by priority" classname="com.assetguard.domain.usecase.retention.GetNudgesUseCaseTest" time="0.006"/>
  <system-out><![CDATA[]]></system-out>
  <system-err><![CDATA[WARNING: A Java agent has been loaded dynamically (C:\Users\Alex\.gradle\caches\modules-2\files-2.1\net.bytebuddy\byte-buddy-agent\1.14.6\46e2545d7a97b6ccb195621650c5957279eb4812\byte-buddy-agent-1.14.6.jar)
WARNING: If a serviceability tool is in use, please run with -XX:+EnableDynamicAgentLoading to hide this warning
WARNING: If a serviceability tool is not in use, please run with -Djdk.instrument.traceUsage for more information
WARNING: Dynamic loading of agents will be disallowed by default in a future release
]]></system-err>
</testsuite>
