<?xml version="1.0" encoding="UTF-8"?>
<testsuite name="com.assetguard.domain.usecase.ui.GetAdaptiveLayoutUseCaseTest" tests="12" skipped="0" failures="0" errors="0" timestamp="2026-04-26T08:45:28.365Z" hostname="DESKTOP-TMATNDQ" time="0.008">
  <properties/>
  <testcase name="STUDENT layout has fx_rates hidden" classname="com.assetguard.domain.usecase.ui.GetAdaptiveLayoutUseCaseTest" time="0.004"/>
  <testcase name="all layouts have balance_card as visible" classname="com.assetguard.domain.usecase.ui.GetAdaptiveLayoutUseCaseTest" time="0.001"/>
  <testcase name="all layouts have primaryAction deepLink" classname="com.assetguard.domain.usecase.ui.GetAdaptiveLayoutUseCaseTest" time="0.001"/>
  <testcase name="BUSINESS primaryAction is transfer" classname="com.assetguard.domain.usecase.ui.GetAdaptiveLayoutUseCaseTest" time="0.0"/>
  <testcase name="BUSINESS layout contains invoices component" classname="com.assetguard.domain.usecase.ui.GetAdaptiveLayoutUseCaseTest" time="0.0"/>
  <testcase name="STUDENT layout has correct theme" classname="com.assetguard.domain.usecase.ui.GetAdaptiveLayoutUseCaseTest" time="0.0"/>
  <testcase name="SENIOR layout has support banner visible" classname="com.assetguard.domain.usecase.ui.GetAdaptiveLayoutUseCaseTest" time="0.001"/>
  <testcase name="all layouts have components sorted by order" classname="com.assetguard.domain.usecase.ui.GetAdaptiveLayoutUseCaseTest" time="0.0"/>
  <testcase name="STUDENT layout has savings nudge visible" classname="com.assetguard.domain.usecase.ui.GetAdaptiveLayoutUseCaseTest" time="0.0"/>
  <testcase name="BUSINESS layout has correct theme" classname="com.assetguard.domain.usecase.ui.GetAdaptiveLayoutUseCaseTest" time="0.001"/>
  <testcase name="DEFAULT layout is returned for DEFAULT user type" classname="com.assetguard.domain.usecase.ui.GetAdaptiveLayoutUseCaseTest" time="0.0"/>
  <testcase name="SENIOR layout has correct theme" classname="com.assetguard.domain.usecase.ui.GetAdaptiveLayoutUseCaseTest" time="0.0"/>
  <system-out><![CDATA[]]></system-out>
  <system-err><![CDATA[]]></system-err>
</testsuite>
