<?xml version="1.0" encoding="UTF-8"?>
<testsuite name="com.assetguard.domain.usecase.ai.SendMessageUseCaseTest" tests="5" skipped="0" failures="0" errors="0" timestamp="2026-04-25T19:42:42.841Z" hostname="DESKTOP-TMATNDQ" time="1.329">
  <properties/>
  <testcase name="send message returns assistant reply with deepLink" classname="com.assetguard.domain.usecase.ai.SendMessageUseCaseTest" time="1.25"/>
  <testcase name="send message saves user message then assistant reply" classname="com.assetguard.domain.usecase.ai.SendMessageUseCaseTest" time="0.035"/>
  <testcase name="send message passes chat history to gateway" classname="com.assetguard.domain.usecase.ai.SendMessageUseCaseTest" time="0.019"/>
  <testcase name="send message with BUSINESS userType passes correct userType to gateway" classname="com.assetguard.domain.usecase.ai.SendMessageUseCaseTest" time="0.013"/>
  <testcase name="send message with null deepLink still succeeds" classname="com.assetguard.domain.usecase.ai.SendMessageUseCaseTest" time="0.011"/>
  <system-out><![CDATA[]]></system-out>
  <system-err><![CDATA[WARNING: A Java agent has been loaded dynamically (C:\Users\Alex\.gradle\caches\modules-2\files-2.1\net.bytebuddy\byte-buddy-agent\1.14.6\46e2545d7a97b6ccb195621650c5957279eb4812\byte-buddy-agent-1.14.6.jar)
WARNING: If a serviceability tool is in use, please run with -XX:+EnableDynamicAgentLoading to hide this warning
WARNING: If a serviceability tool is not in use, please run with -Djdk.instrument.traceUsage for more information
WARNING: Dynamic loading of agents will be disallowed by default in a future release
]]></system-err>
</testsuite>
