<?xml version="1.0" encoding="UTF-8"?>
<testsuite name="com.assetguard.ServerTest" tests="1" skipped="0" failures="0" errors="0" timestamp="2026-04-25T17:23:42.098Z" hostname="DESKTOP-TMATNDQ" time="0.962">
  <properties/>
  <testcase name="test root endpoint" classname="com.assetguard.ServerTest" time="0.962"/>
  <system-out><![CDATA[2026-04-25 20:23:42.846 [DefaultDispatcher-worker-2 @call-context#3] INFO  io.ktor.test - No ktor.deployment.watch patterns specified, automatic reload is not active.
2026-04-25 20:23:42.908 [DefaultDispatcher-worker-2 @call-context#3] INFO  io.ktor.test - Application started in 0.084 seconds.
2026-04-25 20:23:42.910 [DefaultDispatcher-worker-1 @coroutine#5] INFO  io.ktor.test - Responding at http://localhost:80
2026-04-25 20:23:42.911 [DefaultDispatcher-worker-1 @coroutine#5] INFO  io.ktor.test - Responding at https://localhost:443
]]></system-out>
  <system-err><![CDATA[]]></system-err>
</testsuite>
