<?xml version="1.0" encoding="UTF-8"?>
<testsuite name="com.assetguard.presentation.routes.TelemetryRoutesTest" tests="10" skipped="0" failures="0" errors="0" timestamp="2026-04-25T19:42:44.957Z" hostname="DESKTOP-TMATNDQ" time="0.258">
  <properties/>
  <testcase name="PATCH sessions end returns 404 when not found" classname="com.assetguard.presentation.routes.TelemetryRoutesTest" time="0.143"/>
  <testcase name="POST events returns 201 with event" classname="com.assetguard.presentation.routes.TelemetryRoutesTest" time="0.017"/>
  <testcase name="GET heatmap with empty entries returns valid response" classname="com.assetguard.presentation.routes.TelemetryRoutesTest" time="0.014"/>
  <testcase name="PATCH sessions end returns 200 with endedAt" classname="com.assetguard.presentation.routes.TelemetryRoutesTest" time="0.011"/>
  <testcase name="POST sessions returns 201 with session id" classname="com.assetguard.presentation.routes.TelemetryRoutesTest" time="0.014"/>
  <testcase name="POST sessions without deviceInfo returns 201" classname="com.assetguard.presentation.routes.TelemetryRoutesTest" time="0.01"/>
  <testcase name="GET heatmap with screen filter passes param" classname="com.assetguard.presentation.routes.TelemetryRoutesTest" time="0.011"/>
  <testcase name="GET heatmap returns 200 with entries" classname="com.assetguard.presentation.routes.TelemetryRoutesTest" time="0.01"/>
  <testcase name="POST events without optional fields returns 201" classname="com.assetguard.presentation.routes.TelemetryRoutesTest" time="0.011"/>
  <testcase name="POST events with invalid eventType returns 400" classname="com.assetguard.presentation.routes.TelemetryRoutesTest" time="0.016"/>
  <system-out><![CDATA[2026-04-25 22:42:45.084 [DefaultDispatcher-worker-12 @call-context#392] INFO  io.ktor.test - No ktor.deployment.watch patterns specified, automatic reload is not active.
2026-04-25 22:42:45.089 [DefaultDispatcher-worker-12 @call-context#392] INFO  io.ktor.test - Application started in 0.005 seconds.
2026-04-25 22:42:45.090 [DefaultDispatcher-worker-8 @coroutine#394] INFO  io.ktor.test - Responding at http://localhost:80
2026-04-25 22:42:45.090 [DefaultDispatcher-worker-8 @coroutine#394] INFO  io.ktor.test - Responding at https://localhost:443
2026-04-25 22:42:45.106 [DefaultDispatcher-worker-12 @call-context#406] INFO  io.ktor.test - No ktor.deployment.watch patterns specified, automatic reload is not active.
2026-04-25 22:42:45.106 [DefaultDispatcher-worker-12 @call-context#406] INFO  io.ktor.test - Application started in 0.001 seconds.
2026-04-25 22:42:45.107 [DefaultDispatcher-worker-6 @coroutine#408] INFO  io.ktor.test - Responding at http://localhost:80
2026-04-25 22:42:45.107 [DefaultDispatcher-worker-6 @coroutine#408] INFO  io.ktor.test - Responding at https://localhost:443
2026-04-25 22:42:45.122 [DefaultDispatcher-worker-17 @call-context#420] INFO  io.ktor.test - No ktor.deployment.watch patterns specified, automatic reload is not active.
2026-04-25 22:42:45.123 [DefaultDispatcher-worker-17 @call-context#420] INFO  io.ktor.test - Application started in 0.001 seconds.
2026-04-25 22:42:45.123 [DefaultDispatcher-worker-8 @coroutine#422] INFO  io.ktor.test - Responding at http://localhost:80
2026-04-25 22:42:45.123 [DefaultDispatcher-worker-8 @coroutine#422] INFO  io.ktor.test - Responding at https://localhost:443
2026-04-25 22:42:45.136 [DefaultDispatcher-worker-17 @call-context#434] INFO  io.ktor.test - No ktor.deployment.watch patterns specified, automatic reload is not active.
2026-04-25 22:42:45.137 [DefaultDispatcher-worker-17 @call-context#434] INFO  io.ktor.test - Application started in 0.001 seconds.
2026-04-25 22:42:45.137 [DefaultDispatcher-worker-18 @coroutine#436] INFO  io.ktor.test - Responding at http://localhost:80
2026-04-25 22:42:45.137 [DefaultDispatcher-worker-18 @coroutine#436] INFO  io.ktor.test - Responding at https://localhost:443
2026-04-25 22:42:45.150 [DefaultDispatcher-worker-4 @call-context#448] INFO  io.ktor.test - No ktor.deployment.watch patterns specified, automatic reload is not active.
2026-04-25 22:42:45.151 [DefaultDispatcher-worker-4 @call-context#448] INFO  io.ktor.test - Application started in 0.002 seconds.
2026-04-25 22:42:45.151 [DefaultDispatcher-worker-6 @coroutine#450] INFO  io.ktor.test - Responding at http://localhost:80
2026-04-25 22:42:45.151 [DefaultDispatcher-worker-6 @coroutine#450] INFO  io.ktor.test - Responding at https://localhost:443
2026-04-25 22:42:45.162 [DefaultDispatcher-worker-6 @call-context#462] INFO  io.ktor.test - No ktor.deployment.watch patterns specified, automatic reload is not active.
2026-04-25 22:42:45.163 [DefaultDispatcher-worker-6 @call-context#462] INFO  io.ktor.test - Application started in 0.001 seconds.
2026-04-25 22:42:45.164 [DefaultDispatcher-worker-14 @coroutine#464] INFO  io.ktor.test - Responding at http://localhost:80
2026-04-25 22:42:45.164 [DefaultDispatcher-worker-14 @coroutine#464] INFO  io.ktor.test - Responding at https://localhost:443
2026-04-25 22:42:45.171 [DefaultDispatcher-worker-6 @call-context#476] INFO  io.ktor.test - No ktor.deployment.watch patterns specified, automatic reload is not active.
2026-04-25 22:42:45.173 [DefaultDispatcher-worker-6 @call-context#476] INFO  io.ktor.test - Application started in 0.002 seconds.
2026-04-25 22:42:45.174 [DefaultDispatcher-worker-11 @coroutine#478] INFO  io.ktor.test - Responding at http://localhost:80
2026-04-25 22:42:45.174 [DefaultDispatcher-worker-11 @coroutine#478] INFO  io.ktor.test - Responding at https://localhost:443
2026-04-25 22:42:45.182 [DefaultDispatcher-worker-6 @call-context#492] INFO  io.ktor.test - No ktor.deployment.watch patterns specified, automatic reload is not active.
2026-04-25 22:42:45.183 [DefaultDispatcher-worker-6 @call-context#492] INFO  io.ktor.test - Application started in 0.001 seconds.
2026-04-25 22:42:45.184 [DefaultDispatcher-worker-17 @coroutine#494] INFO  io.ktor.test - Responding at http://localhost:80
2026-04-25 22:42:45.184 [DefaultDispatcher-worker-17 @coroutine#494] INFO  io.ktor.test - Responding at https://localhost:443
2026-04-25 22:42:45.193 [DefaultDispatcher-worker-7 @call-context#506] INFO  io.ktor.test - No ktor.deployment.watch patterns specified, automatic reload is not active.
2026-04-25 22:42:45.194 [DefaultDispatcher-worker-7 @call-context#506] INFO  io.ktor.test - Application started in 0.001 seconds.
2026-04-25 22:42:45.194 [DefaultDispatcher-worker-1 @coroutine#508] INFO  io.ktor.test - Responding at http://localhost:80
2026-04-25 22:42:45.194 [DefaultDispatcher-worker-1 @coroutine#508] INFO  io.ktor.test - Responding at https://localhost:443
2026-04-25 22:42:45.202 [DefaultDispatcher-worker-10 @call-context#518] INFO  io.ktor.test - No ktor.deployment.watch patterns specified, automatic reload is not active.
2026-04-25 22:42:45.203 [DefaultDispatcher-worker-10 @call-context#518] INFO  io.ktor.test - Application started in 0.001 seconds.
2026-04-25 22:42:45.203 [DefaultDispatcher-worker-14 @coroutine#520] INFO  io.ktor.test - Responding at http://localhost:80
2026-04-25 22:42:45.203 [DefaultDispatcher-worker-14 @coroutine#520] INFO  io.ktor.test - Responding at https://localhost:443
]]></system-out>
  <system-err><![CDATA[]]></system-err>
</testsuite>
