<?xml version="1.0" encoding="UTF-8"?>
<testsuite name="com.assetguard.domain.usecase.user.UpdateUserTypeUseCaseTest" tests="2" skipped="0" failures="0" errors="0" timestamp="2026-04-25T19:42:44.558Z" hostname="DESKTOP-TMATNDQ" time="0.011">
  <properties/>
  <testcase name="updates user type successfully" classname="com.assetguard.domain.usecase.user.UpdateUserTypeUseCaseTest" time="0.006"/>
  <testcase name="throws when user not found" classname="com.assetguard.domain.usecase.user.UpdateUserTypeUseCaseTest" time="0.005"/>
  <system-out><![CDATA[]]></system-out>
  <system-err><![CDATA[]]></system-err>
</testsuite>
