<?xml version="1.0" encoding="UTF-8"?>
<testsuite name="com.assetguard.presentation.routes.AdaptiveUIRoutesTest" tests="9" skipped="0" failures="0" errors="0" timestamp="2026-04-25T19:42:44.809Z" hostname="DESKTOP-TMATNDQ" time="0.146">
  <properties/>
  <testcase name="GET layout with X-User-Id header returns correct layout" classname="com.assetguard.presentation.routes.AdaptiveUIRoutesTest" time="0.056"/>
  <testcase name="GET layout for STUDENT returns modern theme" classname="com.assetguard.presentation.routes.AdaptiveUIRoutesTest" time="0.014"/>
  <testcase name="GET layout response contains components array" classname="com.assetguard.presentation.routes.AdaptiveUIRoutesTest" time="0.012"/>
  <testcase name="GET layout without X-User-Id header returns 400" classname="com.assetguard.presentation.routes.AdaptiveUIRoutesTest" time="0.013"/>
  <testcase name="GET layout for SENIOR returns accessible theme" classname="com.assetguard.presentation.routes.AdaptiveUIRoutesTest" time="0.01"/>
  <testcase name="GET layout for invalid userType returns DEFAULT layout" classname="com.assetguard.presentation.routes.AdaptiveUIRoutesTest" time="0.01"/>
  <testcase name="GET layout for BUSINESS returns professional theme" classname="com.assetguard.presentation.routes.AdaptiveUIRoutesTest" time="0.01"/>
  <testcase name="GET layout response contains deepLinks" classname="com.assetguard.presentation.routes.AdaptiveUIRoutesTest" time="0.01"/>
  <testcase name="GET layout with unknown user returns DEFAULT layout" classname="com.assetguard.presentation.routes.AdaptiveUIRoutesTest" time="0.011"/>
  <system-out><![CDATA[2026-04-25 22:42:44.843 [DefaultDispatcher-worker-11 @call-context#280] INFO  io.ktor.test - No ktor.deployment.watch patterns specified, automatic reload is not active.
2026-04-25 22:42:44.847 [DefaultDispatcher-worker-11 @call-context#280] INFO  io.ktor.test - Application started in 0.004 seconds.
2026-04-25 22:42:44.847 [DefaultDispatcher-worker-3 @coroutine#282] INFO  io.ktor.test - Responding at http://localhost:80
2026-04-25 22:42:44.847 [DefaultDispatcher-worker-3 @coroutine#282] INFO  io.ktor.test - Responding at https://localhost:443
2026-04-25 22:42:44.869 [DefaultDispatcher-worker-11 @call-context#292] INFO  io.ktor.test - No ktor.deployment.watch patterns specified, automatic reload is not active.
2026-04-25 22:42:44.872 [DefaultDispatcher-worker-11 @call-context#292] INFO  io.ktor.test - Application started in 0.003 seconds.
2026-04-25 22:42:44.873 [DefaultDispatcher-worker-9 @coroutine#294] INFO  io.ktor.test - Responding at http://localhost:80
2026-04-25 22:42:44.873 [DefaultDispatcher-worker-9 @coroutine#294] INFO  io.ktor.test - Responding at https://localhost:443
2026-04-25 22:42:44.885 [DefaultDispatcher-worker-11 @call-context#304] INFO  io.ktor.test - No ktor.deployment.watch patterns specified, automatic reload is not active.
2026-04-25 22:42:44.886 [DefaultDispatcher-worker-11 @call-context#304] INFO  io.ktor.test - Application started in 0.003 seconds.
2026-04-25 22:42:44.887 [DefaultDispatcher-worker-3 @coroutine#306] INFO  io.ktor.test - Responding at http://localhost:80
2026-04-25 22:42:44.887 [DefaultDispatcher-worker-3 @coroutine#306] INFO  io.ktor.test - Responding at https://localhost:443
2026-04-25 22:42:44.895 [DefaultDispatcher-worker-7 @call-context#316] INFO  io.ktor.test - No ktor.deployment.watch patterns specified, automatic reload is not active.
2026-04-25 22:42:44.896 [DefaultDispatcher-worker-7 @call-context#316] INFO  io.ktor.test - Application started in 0.001 seconds.
2026-04-25 22:42:44.898 [DefaultDispatcher-worker-4 @coroutine#318] INFO  io.ktor.test - Responding at http://localhost:80
2026-04-25 22:42:44.898 [DefaultDispatcher-worker-4 @coroutine#318] INFO  io.ktor.test - Responding at https://localhost:443
2026-04-25 22:42:44.908 [DefaultDispatcher-worker-5 @call-context#328] INFO  io.ktor.test - No ktor.deployment.watch patterns specified, automatic reload is not active.
2026-04-25 22:42:44.909 [DefaultDispatcher-worker-5 @call-context#328] INFO  io.ktor.test - Application started in 0.002 seconds.
2026-04-25 22:42:44.909 [DefaultDispatcher-worker-11 @coroutine#330] INFO  io.ktor.test - Responding at http://localhost:80
2026-04-25 22:42:44.909 [DefaultDispatcher-worker-11 @coroutine#330] INFO  io.ktor.test - Responding at https://localhost:443
2026-04-25 22:42:44.917 [DefaultDispatcher-worker-5 @call-context#340] INFO  io.ktor.test - No ktor.deployment.watch patterns specified, automatic reload is not active.
2026-04-25 22:42:44.918 [DefaultDispatcher-worker-5 @call-context#340] INFO  io.ktor.test - Application started in 0.001 seconds.
2026-04-25 22:42:44.919 [DefaultDispatcher-worker-7 @coroutine#342] INFO  io.ktor.test - Responding at http://localhost:80
2026-04-25 22:42:44.919 [DefaultDispatcher-worker-7 @coroutine#342] INFO  io.ktor.test - Responding at https://localhost:443
2026-04-25 22:42:44.927 [DefaultDispatcher-worker-4 @call-context#352] INFO  io.ktor.test - No ktor.deployment.watch patterns specified, automatic reload is not active.
2026-04-25 22:42:44.928 [DefaultDispatcher-worker-4 @call-context#352] INFO  io.ktor.test - Application started in 0.001 seconds.
2026-04-25 22:42:44.928 [DefaultDispatcher-worker-3 @coroutine#354] INFO  io.ktor.test - Responding at http://localhost:80
2026-04-25 22:42:44.929 [DefaultDispatcher-worker-3 @coroutine#354] INFO  io.ktor.test - Responding at https://localhost:443
2026-04-25 22:42:44.938 [DefaultDispatcher-worker-17 @call-context#364] INFO  io.ktor.test - No ktor.deployment.watch patterns specified, automatic reload is not active.
2026-04-25 22:42:44.939 [DefaultDispatcher-worker-17 @call-context#364] INFO  io.ktor.test - Application started in 0.002 seconds.
2026-04-25 22:42:44.939 [DefaultDispatcher-worker-12 @coroutine#366] INFO  io.ktor.test - Responding at http://localhost:80
2026-04-25 22:42:44.940 [DefaultDispatcher-worker-12 @coroutine#366] INFO  io.ktor.test - Responding at https://localhost:443
2026-04-25 22:42:44.949 [DefaultDispatcher-worker-17 @call-context#378] INFO  io.ktor.test - No ktor.deployment.watch patterns specified, automatic reload is not active.
2026-04-25 22:42:44.950 [DefaultDispatcher-worker-17 @call-context#378] INFO  io.ktor.test - Application started in 0.002 seconds.
2026-04-25 22:42:44.951 [DefaultDispatcher-worker-8 @coroutine#380] INFO  io.ktor.test - Responding at http://localhost:80
2026-04-25 22:42:44.951 [DefaultDispatcher-worker-8 @coroutine#380] INFO  io.ktor.test - Responding at https://localhost:443
]]></system-out>
  <system-err><![CDATA[]]></system-err>
</testsuite>
