<?xml version="1.0" encoding="UTF-8"?>
<testsuite name="com.assetguard.domain.usecase.telemetry.EndSessionUseCaseTest" tests="2" skipped="0" failures="0" errors="0" timestamp="2026-04-26T08:45:28.143Z" hostname="DESKTOP-TMATNDQ" time="0.081">
  <properties/>
  <testcase name="end non-existing session returns null" classname="com.assetguard.domain.usecase.telemetry.EndSessionUseCaseTest" time="0.075"/>
  <testcase name="end existing session sets endedAt" classname="com.assetguard.domain.usecase.telemetry.EndSessionUseCaseTest" time="0.006"/>
  <system-out><![CDATA[]]></system-out>
  <system-err><![CDATA[]]></system-err>
</testsuite>
