<?xml version="1.0" encoding="UTF-8"?>
<testsuite name="com.assetguard.presentation.routes.AIAssistantRoutesTest" tests="7" skipped="0" failures="0" errors="0" timestamp="2026-04-25T19:42:44.571Z" hostname="DESKTOP-TMATNDQ" time="0.236">
  <properties/>
  <testcase name="GET history returns empty messages array when no history" classname="com.assetguard.presentation.routes.AIAssistantRoutesTest" time="0.117"/>
  <testcase name="POST chat with BUSINESS userType passes correct type to usecase" classname="com.assetguard.presentation.routes.AIAssistantRoutesTest" time="0.034"/>
  <testcase name="POST chat with null deepLink returns null in response" classname="com.assetguard.presentation.routes.AIAssistantRoutesTest" time="0.014"/>
  <testcase name="GET history with limit param passes limit to usecase" classname="com.assetguard.presentation.routes.AIAssistantRoutesTest" time="0.025"/>
  <testcase name="GET history returns 200 with messages" classname="com.assetguard.presentation.routes.AIAssistantRoutesTest" time="0.016"/>
  <testcase name="POST chat returns 200 with reply and deepLink" classname="com.assetguard.presentation.routes.AIAssistantRoutesTest" time="0.014"/>
  <testcase name="POST chat with invalid userType falls back to DEFAULT" classname="com.assetguard.presentation.routes.AIAssistantRoutesTest" time="0.014"/>
  <system-out><![CDATA[2026-04-25 22:42:44.640 [DefaultDispatcher-worker-6 @call-context#173] INFO  io.ktor.test - No ktor.deployment.watch patterns specified, automatic reload is not active.
2026-04-25 22:42:44.653 [DefaultDispatcher-worker-6 @call-context#173] INFO  io.ktor.test - Application started in 0.013 seconds.
2026-04-25 22:42:44.653 [DefaultDispatcher-worker-1 @coroutine#175] INFO  io.ktor.test - Responding at http://localhost:80
2026-04-25 22:42:44.654 [DefaultDispatcher-worker-1 @coroutine#175] INFO  io.ktor.test - Responding at https://localhost:443
2026-04-25 22:42:44.701 [DefaultDispatcher-worker-5 @call-context#187] INFO  io.ktor.test - No ktor.deployment.watch patterns specified, automatic reload is not active.
2026-04-25 22:42:44.702 [DefaultDispatcher-worker-5 @call-context#187] INFO  io.ktor.test - Application started in 0.002 seconds.
2026-04-25 22:42:44.702 [DefaultDispatcher-worker-1 @coroutine#189] INFO  io.ktor.test - Responding at http://localhost:80
2026-04-25 22:42:44.702 [DefaultDispatcher-worker-1 @coroutine#189] INFO  io.ktor.test - Responding at https://localhost:443
2026-04-25 22:42:44.728 [DefaultDispatcher-worker-4 @call-context#203] INFO  io.ktor.test - No ktor.deployment.watch patterns specified, automatic reload is not active.
2026-04-25 22:42:44.730 [DefaultDispatcher-worker-4 @call-context#203] INFO  io.ktor.test - Application started in 0.002 seconds.
2026-04-25 22:42:44.730 [DefaultDispatcher-worker-6 @coroutine#205] INFO  io.ktor.test - Responding at http://localhost:80
2026-04-25 22:42:44.730 [DefaultDispatcher-worker-6 @coroutine#205] INFO  io.ktor.test - Responding at https://localhost:443
2026-04-25 22:42:44.743 [DefaultDispatcher-worker-9 @call-context#218] INFO  io.ktor.test - No ktor.deployment.watch patterns specified, automatic reload is not active.
2026-04-25 22:42:44.747 [DefaultDispatcher-worker-9 @call-context#218] INFO  io.ktor.test - Application started in 0.002 seconds.
2026-04-25 22:42:44.748 [DefaultDispatcher-worker-5 @coroutine#220] INFO  io.ktor.test - Responding at http://localhost:80
2026-04-25 22:42:44.748 [DefaultDispatcher-worker-5 @coroutine#220] INFO  io.ktor.test - Responding at https://localhost:443
2026-04-25 22:42:44.772 [DefaultDispatcher-worker-1 @call-context#236] INFO  io.ktor.test - No ktor.deployment.watch patterns specified, automatic reload is not active.
2026-04-25 22:42:44.773 [DefaultDispatcher-worker-1 @call-context#236] INFO  io.ktor.test - Application started in 0.002 seconds.
2026-04-25 22:42:44.774 [DefaultDispatcher-worker-2 @coroutine#238] INFO  io.ktor.test - Responding at http://localhost:80
2026-04-25 22:42:44.774 [DefaultDispatcher-worker-2 @coroutine#238] INFO  io.ktor.test - Responding at https://localhost:443
2026-04-25 22:42:44.786 [DefaultDispatcher-worker-12 @call-context#250] INFO  io.ktor.test - No ktor.deployment.watch patterns specified, automatic reload is not active.
2026-04-25 22:42:44.787 [DefaultDispatcher-worker-12 @call-context#250] INFO  io.ktor.test - Application started in 0.002 seconds.
2026-04-25 22:42:44.787 [DefaultDispatcher-worker-3 @coroutine#252] INFO  io.ktor.test - Responding at http://localhost:80
2026-04-25 22:42:44.787 [DefaultDispatcher-worker-3 @coroutine#252] INFO  io.ktor.test - Responding at https://localhost:443
2026-04-25 22:42:44.799 [DefaultDispatcher-worker-9 @call-context#264] INFO  io.ktor.test - No ktor.deployment.watch patterns specified, automatic reload is not active.
2026-04-25 22:42:44.800 [DefaultDispatcher-worker-9 @call-context#264] INFO  io.ktor.test - Application started in 0.001 seconds.
2026-04-25 22:42:44.801 [DefaultDispatcher-worker-8 @coroutine#266] INFO  io.ktor.test - Responding at http://localhost:80
2026-04-25 22:42:44.801 [DefaultDispatcher-worker-8 @coroutine#266] INFO  io.ktor.test - Responding at https://localhost:443
]]></system-out>
  <system-err><![CDATA[]]></system-err>
</testsuite>
