<?xml version="1.0" encoding="UTF-8"?>
<testsuite name="com.assetguard.domain.usecase.telemetry.LogEventUseCaseTest" tests="3" skipped="0" failures="0" errors="0" timestamp="2026-04-26T08:45:28.283Z" hostname="DESKTOP-TMATNDQ" time="0.063">
  <properties/>
  <testcase name="log TAP event saves and returns event" classname="com.assetguard.domain.usecase.telemetry.LogEventUseCaseTest" time="0.047"/>
  <testcase name="log ABANDON event saves correctly" classname="com.assetguard.domain.usecase.telemetry.LogEventUseCaseTest" time="0.005"/>
  <testcase name="log event assigns new id and createdAt" classname="com.assetguard.domain.usecase.telemetry.LogEventUseCaseTest" time="0.011"/>
  <system-out><![CDATA[]]></system-out>
  <system-err><![CDATA[]]></system-err>
</testsuite>
