<?xml version="1.0" encoding="UTF-8"?>
<testsuite name="com.assetguard.domain.usecase.UpdateUserTypeUseCaseTest" tests="2" skipped="0" failures="0" errors="0" timestamp="2026-04-25T17:23:44.319Z" hostname="DESKTOP-TMATNDQ" time="0.02">
  <properties/>
  <testcase name="updates user type successfully" classname="com.assetguard.domain.usecase.UpdateUserTypeUseCaseTest" time="0.011"/>
  <testcase name="throws when user not found" classname="com.assetguard.domain.usecase.UpdateUserTypeUseCaseTest" time="0.008"/>
  <system-out><![CDATA[]]></system-out>
  <system-err><![CDATA[]]></system-err>
</testsuite>
